============================= test session starts =============================
platform win32 -- Python 3.12.10, pytest-8.3.3, pluggy-1.6.0 -- C:\Users\Manas\Downloads\Total Job Application process flow\projects\consent-aware-abandoned-cart-flow\backend\.venv\Scripts\python.exe
cachedir: .pytest_cache
django: version: 4.2.16, settings: cartflow_backend.settings (from ini)
rootdir: C:\Users\Manas\Downloads\Total Job Application process flow\projects\consent-aware-abandoned-cart-flow\backend
configfile: pytest.ini
plugins: django-4.9.0
collecting ... collected 10 items

tests/test_idempotency.py::test_idempotency_key_is_deterministic_hash PASSED [ 10%]
tests/test_idempotency.py::test_second_send_of_same_step_is_a_noop_not_a_duplicate PASSED [ 20%]
tests/test_quiet_hours.py::test_is_quiet_hours_wraps_midnight PASSED     [ 30%]
tests/test_quiet_hours.py::test_send_during_quiet_hours_is_deferred_not_dropped PASSED [ 40%]
tests/test_quiet_hours.py::test_send_outside_quiet_hours_is_not_deferred PASSED [ 50%]
tests/test_quiet_hours.py::test_deferred_send_integration_writes_log_and_reschedules PASSED [ 60%]
tests/test_state_machine.py::test_double_optin_state_machine_happy_path PASSED [ 70%]
tests/test_state_machine.py::test_illegal_transition_rejected PASSED     [ 80%]
tests/test_state_machine.py::test_optout_suppresses_and_is_terminal PASSED [ 90%]
tests/test_consent_gate.py::test_zero_sends_to_unconsented_over_100k_profiles PASSED [100%]

============================= 10 passed in 8.41s ==============================
